<?xml version="1.0" encoding="UTF-8"?>
<!-- Generated by org.testng.reporters.JUnitXMLReporter -->
<testsuite hostname="LCE16392" name="Test" tests="2" failures="1" timestamp="14 May 2020 09:50:18 GMT" time="316.558" errors="0">
  <testcase name="@BeforeMethod initialize" time="0.0" classname="SalesForce.CAP_Regression_Calculation_TC2_UAT">
    <failure type="org.openqa.selenium.InvalidArgumentException" message="invalid argument: user data directory is already in use, please specify a unique value for --user-data-dir argument, or don&amp;apos;t use --user-data-dir
Build info: version: &amp;apos;3.141.59&amp;apos;, revision: &amp;apos;e82be7d358&amp;apos;, time: &amp;apos;2018-11-14T08:17:03&amp;apos;
System info: host: &amp;apos;LCE16392&amp;apos;, ip: &amp;apos;10.39.104.217&amp;apos;, os.name: &amp;apos;Windows 7&amp;apos;, os.arch: &amp;apos;amd64&amp;apos;, os.version: &amp;apos;6.1&amp;apos;, java.version: &amp;apos;1.8.0_251&amp;apos;
Driver info: driver.version: ChromeDriver
remote stacktrace: Backtrace:
	Ordinal0 [0x00B85F73+2449267]
	Ordinal0 [0x00AB8361+1606497]
	Ordinal0 [0x009AF969+522601]
	Ordinal0 [0x0093D3BE+54206]
	Ordinal0 [0x0095C127+180519]
	Ordinal0 [0x0095BF2D+180013]
	Ordinal0 [0x00959E5B+171611]
	Ordinal0 [0x00941DD8+73176]
	Ordinal0 [0x00942E50+77392]
	Ordinal0 [0x00942DE9+77289]
	Ordinal0 [0x00ACD8D7+1693911]
	GetHandleVerifier [0x00C24036+522726]
	GetHandleVerifier [0x00C23D74+522020]
	GetHandleVerifier [0x00C39187+609079]
	GetHandleVerifier [0x00C248A6+524886]
	Ordinal0 [0x00AC5CBC+1662140]
	Ordinal0 [0x00ACF23B+1700411]
	Ordinal0 [0x00ACF3A3+1700771]
	Ordinal0 [0x00AE5215+1790485]
	BaseThreadInitThunk [0x774E347D+18]
	RtlInitializeExceptionChain [0x77C69852+99]
	RtlInitializeExceptionChain [0x77C69825+54]
">
      <![CDATA[org.openqa.selenium.InvalidArgumentException: invalid argument: user data directory is already in use, please specify a unique value for --user-data-dir argument, or don't use --user-data-dir
Build info: version: '3.141.59', revision: 'e82be7d358', time: '2018-11-14T08:17:03'
System info: host: 'LCE16392', ip: '10.39.104.217', os.name: 'Windows 7', os.arch: 'amd64', os.version: '6.1', java.version: '1.8.0_251'
Driver info: driver.version: ChromeDriver
remote stacktrace: Backtrace:
	Ordinal0 [0x00B85F73+2449267]
	Ordinal0 [0x00AB8361+1606497]
	Ordinal0 [0x009AF969+522601]
	Ordinal0 [0x0093D3BE+54206]
	Ordinal0 [0x0095C127+180519]
	Ordinal0 [0x0095BF2D+180013]
	Ordinal0 [0x00959E5B+171611]
	Ordinal0 [0x00941DD8+73176]
	Ordinal0 [0x00942E50+77392]
	Ordinal0 [0x00942DE9+77289]
	Ordinal0 [0x00ACD8D7+1693911]
	GetHandleVerifier [0x00C24036+522726]
	GetHandleVerifier [0x00C23D74+522020]
	GetHandleVerifier [0x00C39187+609079]
	GetHandleVerifier [0x00C248A6+524886]
	Ordinal0 [0x00AC5CBC+1662140]
	Ordinal0 [0x00ACF23B+1700411]
	Ordinal0 [0x00ACF3A3+1700771]
	Ordinal0 [0x00AE5215+1790485]
	BaseThreadInitThunk [0x774E347D+18]
	RtlInitializeExceptionChain [0x77C69852+99]
	RtlInitializeExceptionChain [0x77C69825+54]

	at org.openqa.selenium.remote.W3CHandshakeResponse.lambda$errorHandler$0(W3CHandshakeResponse.java:62)
	at org.openqa.selenium.remote.HandshakeResponse.lambda$getResponseFunction$0(HandshakeResponse.java:30)
	at org.openqa.selenium.remote.ProtocolHandshake.lambda$createSession$0(ProtocolHandshake.java:126)
	at java.util.stream.ReferencePipeline$3$1.accept(Unknown Source)
	at java.util.Spliterators$ArraySpliterator.tryAdvance(Unknown Source)
	at java.util.stream.ReferencePipeline.forEachWithCancel(Unknown Source)
	at java.util.stream.AbstractPipeline.copyIntoWithCancel(Unknown Source)
	at java.util.stream.AbstractPipeline.copyInto(Unknown Source)
	at java.util.stream.AbstractPipeline.wrapAndCopyInto(Unknown Source)
	at java.util.stream.FindOps$FindOp.evaluateSequential(Unknown Source)
	at java.util.stream.AbstractPipeline.evaluate(Unknown Source)
	at java.util.stream.ReferencePipeline.findFirst(Unknown Source)
	at org.openqa.selenium.remote.ProtocolHandshake.createSession(ProtocolHandshake.java:128)
	at org.openqa.selenium.remote.ProtocolHandshake.createSession(ProtocolHandshake.java:74)
	at org.openqa.selenium.remote.HttpCommandExecutor.execute(HttpCommandExecutor.java:136)
	at org.openqa.selenium.remote.service.DriverCommandExecutor.execute(DriverCommandExecutor.java:83)
	at org.openqa.selenium.remote.RemoteWebDriver.execute(RemoteWebDriver.java:552)
	at org.openqa.selenium.remote.RemoteWebDriver.startSession(RemoteWebDriver.java:213)
	at org.openqa.selenium.remote.RemoteWebDriver.<init>(RemoteWebDriver.java:131)
	at org.openqa.selenium.chrome.ChromeDriver.<init>(ChromeDriver.java:181)
	at org.openqa.selenium.chrome.ChromeDriver.<init>(ChromeDriver.java:168)
	at org.openqa.selenium.chrome.ChromeDriver.<init>(ChromeDriver.java:157)
	at resources.base.initializeDriver(base.java:106)
	at SalesForce.CAP_Regression_Calculation_TC2_UAT.initialize(CAP_Regression_Calculation_TC2_UAT.java:93)
... Removed 30 stack frames]]>
    </failure>
  </testcase> <!-- @BeforeMethod initialize -->
  <testcase name="TC1_Regression_Calculation" time="297.251" classname="SalesForce.CAP_Regression_Calculation_TC1_UAT">
    <failure type="java.lang.AssertionError">
      <![CDATA[java.lang.AssertionError: 
	at SalesForce.CAP_Regression_Calculation_TC1_UAT.TC1_Regression_Calculation(CAP_Regression_Calculation_TC1_UAT.java:147)
... Removed 27 stack frames]]>
    </failure>
  </testcase> <!-- TC1_Regression_Calculation -->
  <testcase name="TC1_Regression_Calculation" time="0.002" classname="SalesForce.CAP_Regression_Calculation_TC2_UAT">
    <skipped/>
  </testcase> <!-- TC1_Regression_Calculation -->
</testsuite> <!-- Test -->
