<?xml version="1.0" encoding="UTF-8"?>
<!-- Generated by org.testng.reporters.JUnitReportReporter -->
<testsuite hostname="LCE16392" name="SalesForce.CAP_SmokeTest_to_Existing_Account_UAT" tests="1" failures="1" timestamp="16 Jun 2020 06:52:44 GMT" time="569.177" errors="0">
  <testcase name="TC_MVP_E2E_OnlyTruck_Test_case" time="569.177" classname="SalesForce.CAP_SmokeTest_to_Existing_Account_UAT">
    <failure type="org.openqa.selenium.ElementClickInterceptedException" message="element click intercepted: Element &lt;one-app-nav-bar-item-root one-appnavbar_appnavbar=&quot;&quot; data-id=&quot;0KD1w0000008lL0GAI&quot; data-assistive-id=&quot;operationId&quot; aria-hidden=&quot;false&quot; draggable=&quot;false&quot; class=&quot;navItem slds-context-bar__item slds-shrink-none slds-is-active&quot; role=&quot;listitem&quot;&gt;&lt;/one-app-nav-bar-item-root&gt; is not clickable at point (920, 68). Other element would receive the click: &lt;input class=&quot;slds-input slds-text-color_default slds-p-left--none slds-size--1-of-1 input default input uiInput uiInputTextForAutocomplete uiInput--{remove}&quot; maxlength=&quot;100&quot; role=&quot;combobox&quot; id=&quot;173:0;p&quot; aria-expanded=&quot;false&quot; aria-autocomplete=&quot;list&quot; type=&quot;text&quot; aria-describedby=&quot;&quot; aria-haspopup=&quot;true&quot; placeholder=&quot;Search...&quot; aria-activedescendant=&quot;&quot; title=&quot;Search...&quot; data-aura-rendered-by=&quot;199:0;p&quot; data-aura-class=&quot;uiInput uiInputTextForAutocomplete uiInput--{remove}&quot; data-interactive-lib-uid=&quot;2&quot; autocomplete=&quot;off&quot; spellcheck=&quot;false&quot;&gt;
  (Session info: chrome=81.0.4044.138)
Build info: version: &#039;3.141.59&#039;, revision: &#039;e82be7d358&#039;, time: &#039;2018-11-14T08:17:03&#039;
System info: host: &#039;LCE16392&#039;, ip: &#039;10.39.152.156&#039;, os.name: &#039;Windows 7&#039;, os.arch: &#039;amd64&#039;, os.version: &#039;6.1&#039;, java.version: &#039;1.8.0_251&#039;
Driver info: org.openqa.selenium.chrome.ChromeDriver
Capabilities {acceptInsecureCerts: false, browserName: chrome, browserVersion: 81.0.4044.138, chrome: {chromedriverVersion: 81.0.4044.69 (6813546031a4b..., userDataDir: folders/profile}, goog:chromeOptions: {debuggerAddress: localhost:53837}, javascriptEnabled: true, networkConnectionEnabled: false, pageLoadStrategy: normal, platform: WINDOWS, platformName: WINDOWS, proxy: Proxy(), setWindowRect: true, strictFileInteractability: false, timeouts: {implicit: 0, pageLoad: 300000, script: 30000}, unhandledPromptBehavior: dismiss and notify, webauthn:virtualAuthenticators: true}
Session ID: e9a4769e3f8d2862d7897bc4829a9ae8">
      <![CDATA[org.openqa.selenium.ElementClickInterceptedException: element click intercepted: Element <one-app-nav-bar-item-root one-appnavbar_appnavbar="" data-id="0KD1w0000008lL0GAI" data-assistive-id="operationId" aria-hidden="false" draggable="false" class="navItem slds-context-bar__item slds-shrink-none slds-is-active" role="listitem"></one-app-nav-bar-item-root> is not clickable at point (920, 68). Other element would receive the click: <input class="slds-input slds-text-color_default slds-p-left--none slds-size--1-of-1 input default input uiInput uiInputTextForAutocomplete uiInput--{remove}" maxlength="100" role="combobox" id="173:0;p" aria-expanded="false" aria-autocomplete="list" type="text" aria-describedby="" aria-haspopup="true" placeholder="Search..." aria-activedescendant="" title="Search..." data-aura-rendered-by="199:0;p" data-aura-class="uiInput uiInputTextForAutocomplete uiInput--{remove}" data-interactive-lib-uid="2" autocomplete="off" spellcheck="false">
  (Session info: chrome=81.0.4044.138)
Build info: version: '3.141.59', revision: 'e82be7d358', time: '2018-11-14T08:17:03'
System info: host: 'LCE16392', ip: '10.39.152.156', os.name: 'Windows 7', os.arch: 'amd64', os.version: '6.1', java.version: '1.8.0_251'
Driver info: org.openqa.selenium.chrome.ChromeDriver
Capabilities {acceptInsecureCerts: false, browserName: chrome, browserVersion: 81.0.4044.138, chrome: {chromedriverVersion: 81.0.4044.69 (6813546031a4b..., userDataDir: folders/profile}, goog:chromeOptions: {debuggerAddress: localhost:53837}, javascriptEnabled: true, networkConnectionEnabled: false, pageLoadStrategy: normal, platform: WINDOWS, platformName: WINDOWS, proxy: Proxy(), setWindowRect: true, strictFileInteractability: false, timeouts: {implicit: 0, pageLoad: 300000, script: 30000}, unhandledPromptBehavior: dismiss and notify, webauthn:virtualAuthenticators: true}
Session ID: e9a4769e3f8d2862d7897bc4829a9ae8
	at sun.reflect.NativeConstructorAccessorImpl.newInstance0(Native Method)
	at sun.reflect.NativeConstructorAccessorImpl.newInstance(Unknown Source)
	at sun.reflect.DelegatingConstructorAccessorImpl.newInstance(Unknown Source)
	at java.lang.reflect.Constructor.newInstance(Unknown Source)
	at org.openqa.selenium.remote.http.W3CHttpResponseCodec.createException(W3CHttpResponseCodec.java:187)
	at org.openqa.selenium.remote.http.W3CHttpResponseCodec.decode(W3CHttpResponseCodec.java:122)
	at org.openqa.selenium.remote.http.W3CHttpResponseCodec.decode(W3CHttpResponseCodec.java:49)
	at org.openqa.selenium.remote.HttpCommandExecutor.execute(HttpCommandExecutor.java:158)
	at org.openqa.selenium.remote.service.DriverCommandExecutor.execute(DriverCommandExecutor.java:83)
	at org.openqa.selenium.remote.RemoteWebDriver.execute(RemoteWebDriver.java:552)
	at org.openqa.selenium.remote.RemoteWebElement.execute(RemoteWebElement.java:285)
	at org.openqa.selenium.remote.RemoteWebElement.click(RemoteWebElement.java:84)
	at resources.testBlocks.configureTruckCAP(testBlocks.java:622)
	at SalesForce.CAP_SmokeTest_to_Existing_Account_UAT.TC_MVP_E2E_OnlyTruck_Test_case(CAP_SmokeTest_to_Existing_Account_UAT.java:109)
	at sun.reflect.NativeMethodAccessorImpl.invoke0(Native Method)
	at sun.reflect.NativeMethodAccessorImpl.invoke(Unknown Source)
	at sun.reflect.DelegatingMethodAccessorImpl.invoke(Unknown Source)
	at java.lang.reflect.Method.invoke(Unknown Source)
	at org.testng.internal.MethodInvocationHelper.invokeMethod(MethodInvocationHelper.java:80)
	at org.testng.internal.Invoker.invokeMethod(Invoker.java:714)
	at org.testng.internal.Invoker.invokeTestMethod(Invoker.java:901)
	at org.testng.internal.Invoker.invokeTestMethods(Invoker.java:1231)
	at org.testng.internal.TestMethodWorker.invokeTestMethods(TestMethodWorker.java:127)
	at org.testng.internal.TestMethodWorker.run(TestMethodWorker.java:111)
	at org.testng.TestRunner.privateRun(TestRunner.java:767)
	at org.testng.TestRunner.run(TestRunner.java:617)
	at org.testng.SuiteRunner.runTest(SuiteRunner.java:334)
	at org.testng.SuiteRunner.runSequentially(SuiteRunner.java:329)
	at org.testng.SuiteRunner.privateRun(SuiteRunner.java:291)
	at org.testng.SuiteRunner.run(SuiteRunner.java:240)
	at org.testng.SuiteRunnerWorker.runSuite(SuiteRunnerWorker.java:52)
	at org.testng.SuiteRunnerWorker.run(SuiteRunnerWorker.java:86)
	at org.testng.TestNG.runSuitesSequentially(TestNG.java:1198)
	at org.testng.TestNG.runSuitesLocally(TestNG.java:1123)
	at org.testng.TestNG.run(TestNG.java:1031)
	at org.testng.remote.AbstractRemoteTestNG.run(AbstractRemoteTestNG.java:114)
	at org.testng.remote.RemoteTestNG.initAndRun(RemoteTestNG.java:251)
	at org.testng.remote.RemoteTestNG.main(RemoteTestNG.java:77)
]]>
    </failure>
  </testcase> <!-- TC_MVP_E2E_OnlyTruck_Test_case -->
</testsuite> <!-- SalesForce.CAP_SmokeTest_to_Existing_Account_UAT -->
