<?xml version="1.0" encoding="UTF-8"?>
<!-- Generated by org.testng.reporters.JUnitReportReporter -->
<testsuite hostname="LCE16392" name="SalesForce.PROD_SmokeTest_to_Existing_Account_PROD" tests="1" failures="1" timestamp="18 May 2020 10:28:51 GMT" time="123.923" errors="0">
  <testcase name="TC_MVP_E2E_OnlyTruck_Test_case" time="123.923" classname="SalesForce.PROD_SmokeTest_to_Existing_Account_PROD">
    <failure type="org.openqa.selenium.TimeoutException" message="Expected condition failed: waiting for visibility of element located by By.xpath: /html/body/div[4]/div[1]/section/div/div/div[1]/div[5]/div/one-record-home-flexipage2/forcegenerated-flexipage_opportunity_record_page_opportunity__view_js/flexipage-record-page-decorator/div/slot/flexipage-record-home-with-subheader-template-desktop2/div/div[1]/slot/slot/flexipage-component2/force-progressive-renderer/slot/slot/records-lwc-highlights-panel/records-lwc-record-layout/forcegenerated-highlightspanel_opportunity___0121w0000006i8paau___compact___view___recordlayout2/force-highlights2/div[1]/div[1]/div[4]/ul/li[1]/a/div (tried for 30 second(s) with 500 milliseconds interval)">
      <![CDATA[org.openqa.selenium.TimeoutException: Expected condition failed: waiting for visibility of element located by By.xpath: /html/body/div[4]/div[1]/section/div/div/div[1]/div[5]/div/one-record-home-flexipage2/forcegenerated-flexipage_opportunity_record_page_opportunity__view_js/flexipage-record-page-decorator/div/slot/flexipage-record-home-with-subheader-template-desktop2/div/div[1]/slot/slot/flexipage-component2/force-progressive-renderer/slot/slot/records-lwc-highlights-panel/records-lwc-record-layout/forcegenerated-highlightspanel_opportunity___0121w0000006i8paau___compact___view___recordlayout2/force-highlights2/div[1]/div[1]/div[4]/ul/li[1]/a/div (tried for 30 second(s) with 500 milliseconds interval)
	at org.openqa.selenium.support.ui.WebDriverWait.timeoutException(WebDriverWait.java:95)
	at org.openqa.selenium.support.ui.FluentWait.until(FluentWait.java:272)
	at resources.Element_Functions.get_Element(Element_Functions.java:29)
	at resources.testBlocks.createProposalFromOppty(testBlocks.java:247)
	at SalesForce.PROD_SmokeTest_to_Existing_Account_PROD.TC_MVP_E2E_OnlyTruck_Test_case(PROD_SmokeTest_to_Existing_Account_PROD.java:86)
	at sun.reflect.NativeMethodAccessorImpl.invoke0(Native Method)
	at sun.reflect.NativeMethodAccessorImpl.invoke(Unknown Source)
	at sun.reflect.DelegatingMethodAccessorImpl.invoke(Unknown Source)
	at java.lang.reflect.Method.invoke(Unknown Source)
	at org.testng.internal.MethodInvocationHelper.invokeMethod(MethodInvocationHelper.java:80)
	at org.testng.internal.Invoker.invokeMethod(Invoker.java:714)
	at org.testng.internal.Invoker.invokeTestMethod(Invoker.java:901)
	at org.testng.internal.Invoker.invokeTestMethods(Invoker.java:1231)
	at org.testng.internal.TestMethodWorker.invokeTestMethods(TestMethodWorker.java:127)
	at org.testng.internal.TestMethodWorker.run(TestMethodWorker.java:111)
	at org.testng.TestRunner.privateRun(TestRunner.java:767)
	at org.testng.TestRunner.run(TestRunner.java:617)
	at org.testng.SuiteRunner.runTest(SuiteRunner.java:334)
	at org.testng.SuiteRunner.runSequentially(SuiteRunner.java:329)
	at org.testng.SuiteRunner.privateRun(SuiteRunner.java:291)
	at org.testng.SuiteRunner.run(SuiteRunner.java:240)
	at org.testng.SuiteRunnerWorker.runSuite(SuiteRunnerWorker.java:52)
	at org.testng.SuiteRunnerWorker.run(SuiteRunnerWorker.java:86)
	at org.testng.TestNG.runSuitesSequentially(TestNG.java:1198)
	at org.testng.TestNG.runSuitesLocally(TestNG.java:1123)
	at org.testng.TestNG.run(TestNG.java:1031)
	at org.testng.remote.AbstractRemoteTestNG.run(AbstractRemoteTestNG.java:114)
	at org.testng.remote.RemoteTestNG.initAndRun(RemoteTestNG.java:251)
	at org.testng.remote.RemoteTestNG.main(RemoteTestNG.java:77)
Caused by: org.openqa.selenium.NoSuchElementException: no such element: Unable to locate element: {"method":"xpath","selector":"/html/body/div[4]/div[1]/section/div/div/div[1]/div[5]/div/one-record-home-flexipage2/forcegenerated-flexipage_opportunity_record_page_opportunity__view_js/flexipage-record-page-decorator/div/slot/flexipage-record-home-with-subheader-template-desktop2/div/div[1]/slot/slot/flexipage-component2/force-progressive-renderer/slot/slot/records-lwc-highlights-panel/records-lwc-record-layout/forcegenerated-highlightspanel_opportunity___0121w0000006i8paau___compact___view___recordlayout2/force-highlights2/div[1]/div[1]/div[4]/ul/li[1]/a/div"}
  (Session info: chrome=81.0.4044.129)
For documentation on this error, please visit: https://www.seleniumhq.org/exceptions/no_such_element.html
Build info: version: '3.141.59', revision: 'e82be7d358', time: '2018-11-14T08:17:03'
System info: host: 'LCE16392', ip: '10.38.96.249', os.name: 'Windows 7', os.arch: 'amd64', os.version: '6.1', java.version: '1.8.0_251'
Driver info: org.openqa.selenium.chrome.ChromeDriver
Capabilities {acceptInsecureCerts: false, browserName: chrome, browserVersion: 81.0.4044.129, chrome: {chromedriverVersion: 81.0.4044.69 (6813546031a4b..., userDataDir: C:\Users\abcd\AppData\Local...}, goog:chromeOptions: {debuggerAddress: localhost:52382}, javascriptEnabled: true, networkConnectionEnabled: false, pageLoadStrategy: normal, platform: WINDOWS, platformName: WINDOWS, proxy: Proxy(), setWindowRect: true, strictFileInteractability: false, timeouts: {implicit: 0, pageLoad: 300000, script: 30000}, unhandledPromptBehavior: dismiss and notify, webauthn:virtualAuthenticators: true}
Session ID: 1d788c1f66897f7baef142c410ee00cc
*** Element info: {Using=xpath, value=/html/body/div[4]/div[1]/section/div/div/div[1]/div[5]/div/one-record-home-flexipage2/forcegenerated-flexipage_opportunity_record_page_opportunity__view_js/flexipage-record-page-decorator/div/slot/flexipage-record-home-with-subheader-template-desktop2/div/div[1]/slot/slot/flexipage-component2/force-progressive-renderer/slot/slot/records-lwc-highlights-panel/records-lwc-record-layout/forcegenerated-highlightspanel_opportunity___0121w0000006i8paau___compact___view___recordlayout2/force-highlights2/div[1]/div[1]/div[4]/ul/li[1]/a/div}
	at sun.reflect.GeneratedConstructorAccessor18.newInstance(Unknown Source)
	at sun.reflect.DelegatingConstructorAccessorImpl.newInstance(Unknown Source)
	at java.lang.reflect.Constructor.newInstance(Unknown Source)
	at org.openqa.selenium.remote.http.W3CHttpResponseCodec.createException(W3CHttpResponseCodec.java:187)
	at org.openqa.selenium.remote.http.W3CHttpResponseCodec.decode(W3CHttpResponseCodec.java:122)
	at org.openqa.selenium.remote.http.W3CHttpResponseCodec.decode(W3CHttpResponseCodec.java:49)
	at org.openqa.selenium.remote.HttpCommandExecutor.execute(HttpCommandExecutor.java:158)
	at org.openqa.selenium.remote.service.DriverCommandExecutor.execute(DriverCommandExecutor.java:83)
	at org.openqa.selenium.remote.RemoteWebDriver.execute(RemoteWebDriver.java:552)
	at org.openqa.selenium.remote.RemoteWebDriver.findElement(RemoteWebDriver.java:323)
	at org.openqa.selenium.remote.RemoteWebDriver.findElementByXPath(RemoteWebDriver.java:428)
	at org.openqa.selenium.By$ByXPath.findElement(By.java:353)
	at org.openqa.selenium.remote.RemoteWebDriver.findElement(RemoteWebDriver.java:315)
	at org.openqa.selenium.support.ui.ExpectedConditions$7.apply(ExpectedConditions.java:205)
	at org.openqa.selenium.support.ui.ExpectedConditions$7.apply(ExpectedConditions.java:201)
	at org.openqa.selenium.support.ui.FluentWait.until(FluentWait.java:249)
	... 27 more
]]>
    </failure>
  </testcase> <!-- TC_MVP_E2E_OnlyTruck_Test_case -->
</testsuite> <!-- SalesForce.PROD_SmokeTest_to_Existing_Account_PROD -->
