<?xml version="1.0" encoding="UTF-8"?>
<!-- Generated by org.testng.reporters.JUnitReportReporter -->
<testsuite hostname="LCE16392" name="SalesForce.CAP_Regression_Calculation_Szenario1_UAT" tests="1" failures="1" timestamp="22 Jun 2020 07:39:54 GMT" time="0.003" errors="0">
  <testcase name="TC1_Regression_Calculation" time="0.003" classname="SalesForce.CAP_Regression_Calculation_Szenario1_UAT">
    <failure type="org.openqa.selenium.SessionNotCreatedException" message="session not created: This version of ChromeDriver only supports Chrome version 81
Build info: version: &#039;3.141.59&#039;, revision: &#039;e82be7d358&#039;, time: &#039;2018-11-14T08:25:48&#039;
System info: host: &#039;LCE16392&#039;, ip: &#039;10.42.47.99&#039;, os.name: &#039;Windows 7&#039;, os.arch: &#039;amd64&#039;, os.version: &#039;6.1&#039;, java.version: &#039;1.8.0_251&#039;
Driver info: driver.version: ChromeDriver
remote stacktrace: Backtrace:
	Ordinal0 [0x01455F73+2449267]
	Ordinal0 [0x01388361+1606497]
	Ordinal0 [0x0127F969+522601]
	Ordinal0 [0x012105F3+67059]
	Ordinal0 [0x0120CD92+52626]
	Ordinal0 [0x0122C127+180519]
	Ordinal0 [0x0122BF2D+180013]
	Ordinal0 [0x01229E5B+171611]
	Ordinal0 [0x01211DD8+73176]
	Ordinal0 [0x01212E50+77392]
	Ordinal0 [0x01212DE9+77289]
	Ordinal0 [0x0139D8D7+1693911]
	GetHandleVerifier [0x014F4036+522726]
	GetHandleVerifier [0x014F3D74+522020]
	GetHandleVerifier [0x01509187+609079]
	GetHandleVerifier [0x014F48A6+524886]
	Ordinal0 [0x01395CBC+1662140]
	Ordinal0 [0x0139F23B+1700411]
	Ordinal0 [0x0139F3A3+1700771]
	Ordinal0 [0x013B5215+1790485]
	BaseThreadInitThunk [0x76D8347D+18]
	RtlInitializeExceptionChain [0x77339852+99]
	RtlInitializeExceptionChain [0x77339825+54]
">
      <![CDATA[org.openqa.selenium.SessionNotCreatedException: session not created: This version of ChromeDriver only supports Chrome version 81
Build info: version: '3.141.59', revision: 'e82be7d358', time: '2018-11-14T08:25:48'
System info: host: 'LCE16392', ip: '10.42.47.99', os.name: 'Windows 7', os.arch: 'amd64', os.version: '6.1', java.version: '1.8.0_251'
Driver info: driver.version: ChromeDriver
remote stacktrace: Backtrace:
	Ordinal0 [0x01455F73+2449267]
	Ordinal0 [0x01388361+1606497]
	Ordinal0 [0x0127F969+522601]
	Ordinal0 [0x012105F3+67059]
	Ordinal0 [0x0120CD92+52626]
	Ordinal0 [0x0122C127+180519]
	Ordinal0 [0x0122BF2D+180013]
	Ordinal0 [0x01229E5B+171611]
	Ordinal0 [0x01211DD8+73176]
	Ordinal0 [0x01212E50+77392]
	Ordinal0 [0x01212DE9+77289]
	Ordinal0 [0x0139D8D7+1693911]
	GetHandleVerifier [0x014F4036+522726]
	GetHandleVerifier [0x014F3D74+522020]
	GetHandleVerifier [0x01509187+609079]
	GetHandleVerifier [0x014F48A6+524886]
	Ordinal0 [0x01395CBC+1662140]
	Ordinal0 [0x0139F23B+1700411]
	Ordinal0 [0x0139F3A3+1700771]
	Ordinal0 [0x013B5215+1790485]
	BaseThreadInitThunk [0x76D8347D+18]
	RtlInitializeExceptionChain [0x77339852+99]
	RtlInitializeExceptionChain [0x77339825+54]

	at sun.reflect.NativeConstructorAccessorImpl.newInstance0(Native Method)
	at sun.reflect.NativeConstructorAccessorImpl.newInstance(Unknown Source)
	at sun.reflect.DelegatingConstructorAccessorImpl.newInstance(Unknown Source)
	at java.lang.reflect.Constructor.newInstance(Unknown Source)
	at org.openqa.selenium.remote.W3CHandshakeResponse.lambda$errorHandler$0(W3CHandshakeResponse.java:62)
	at org.openqa.selenium.remote.HandshakeResponse.lambda$getResponseFunction$0(HandshakeResponse.java:30)
	at org.openqa.selenium.remote.ProtocolHandshake.lambda$createSession$0(ProtocolHandshake.java:126)
	at java.util.stream.ReferencePipeline$3$1.accept(Unknown Source)
	at java.util.Spliterators$ArraySpliterator.tryAdvance(Unknown Source)
	at java.util.stream.ReferencePipeline.forEachWithCancel(Unknown Source)
	at java.util.stream.AbstractPipeline.copyIntoWithCancel(Unknown Source)
	at java.util.stream.AbstractPipeline.copyInto(Unknown Source)
	at java.util.stream.AbstractPipeline.wrapAndCopyInto(Unknown Source)
	at java.util.stream.FindOps$FindOp.evaluateSequential(Unknown Source)
	at java.util.stream.AbstractPipeline.evaluate(Unknown Source)
	at java.util.stream.ReferencePipeline.findFirst(Unknown Source)
	at org.openqa.selenium.remote.ProtocolHandshake.createSession(ProtocolHandshake.java:128)
	at org.openqa.selenium.remote.ProtocolHandshake.createSession(ProtocolHandshake.java:74)
	at org.openqa.selenium.remote.HttpCommandExecutor.execute(HttpCommandExecutor.java:136)
	at org.openqa.selenium.remote.service.DriverCommandExecutor.execute(DriverCommandExecutor.java:83)
	at org.openqa.selenium.remote.RemoteWebDriver.execute(RemoteWebDriver.java:552)
	at org.openqa.selenium.remote.RemoteWebDriver.startSession(RemoteWebDriver.java:213)
	at org.openqa.selenium.remote.RemoteWebDriver.<init>(RemoteWebDriver.java:131)
	at org.openqa.selenium.chrome.ChromeDriver.<init>(ChromeDriver.java:181)
	at org.openqa.selenium.chrome.ChromeDriver.<init>(ChromeDriver.java:168)
	at org.openqa.selenium.chrome.ChromeDriver.<init>(ChromeDriver.java:157)
	at resources.base.initializeDriver(base.java:93)
	at SalesForce.CAP_Regression_Calculation_Szenario1_UAT.initialize(CAP_Regression_Calculation_Szenario1_UAT.java:104)
	at sun.reflect.NativeMethodAccessorImpl.invoke0(Native Method)
	at sun.reflect.NativeMethodAccessorImpl.invoke(Unknown Source)
	at sun.reflect.DelegatingMethodAccessorImpl.invoke(Unknown Source)
	at java.lang.reflect.Method.invoke(Unknown Source)
	at org.testng.internal.MethodInvocationHelper.invokeMethod(MethodInvocationHelper.java:80)
	at org.testng.internal.Invoker.invokeConfigurationMethod(Invoker.java:564)
	at org.testng.internal.Invoker.invokeConfigurations(Invoker.java:213)
	at org.testng.internal.Invoker.invokeMethod(Invoker.java:653)
	at org.testng.internal.Invoker.invokeTestMethod(Invoker.java:901)
	at org.testng.internal.Invoker.invokeTestMethods(Invoker.java:1231)
	at org.testng.internal.TestMethodWorker.invokeTestMethods(TestMethodWorker.java:127)
	at org.testng.internal.TestMethodWorker.run(TestMethodWorker.java:111)
	at org.testng.TestRunner.privateRun(TestRunner.java:767)
	at org.testng.TestRunner.run(TestRunner.java:617)
	at org.testng.SuiteRunner.runTest(SuiteRunner.java:334)
	at org.testng.SuiteRunner.runSequentially(SuiteRunner.java:329)
	at org.testng.SuiteRunner.privateRun(SuiteRunner.java:291)
	at org.testng.SuiteRunner.run(SuiteRunner.java:240)
	at org.testng.SuiteRunnerWorker.runSuite(SuiteRunnerWorker.java:52)
	at org.testng.SuiteRunnerWorker.run(SuiteRunnerWorker.java:86)
	at org.testng.TestNG.runSuitesSequentially(TestNG.java:1198)
	at org.testng.TestNG.runSuitesLocally(TestNG.java:1123)
	at org.testng.TestNG.run(TestNG.java:1031)
	at org.testng.remote.AbstractRemoteTestNG.run(AbstractRemoteTestNG.java:114)
	at org.testng.remote.RemoteTestNG.initAndRun(RemoteTestNG.java:251)
	at org.testng.remote.RemoteTestNG.main(RemoteTestNG.java:77)
]]>
    </failure>
  </testcase> <!-- TC1_Regression_Calculation -->
</testsuite> <!-- SalesForce.CAP_Regression_Calculation_Szenario1_UAT -->
