<?xml version="1.0" encoding="UTF-8"?>
<!-- Generated by org.testng.reporters.JUnitReportReporter -->
<testsuite hostname="LCE16392" name="SalesForce.TC_MTBESM_6990_E2E_MVP_Testcase" tests="1" failures="1" timestamp="24 Feb 2020 07:11:58 GMT" time="0.002" errors="0">
  <testcase name="TC_MVP_E2E_OnlyTruck_Test_case" time="0.002" classname="SalesForce.TC_MTBESM_6990_E2E_MVP_Testcase">
    <failure type="org.openqa.selenium.SessionNotCreatedException" message="session not created: This version of ChromeDriver only supports Chrome version 76
Build info: version: &#039;3.141.59&#039;, revision: &#039;e82be7d358&#039;, time: &#039;2018-11-14T08:17:03&#039;
System info: host: &#039;LCE16392&#039;, ip: &#039;10.31.189.59&#039;, os.name: &#039;Windows 7&#039;, os.arch: &#039;amd64&#039;, os.version: &#039;6.1&#039;, java.version: &#039;1.8.0_231&#039;
Driver info: driver.version: ChromeDriver
remote stacktrace: Backtrace:
	Ordinal0 [0x00FD7C53+1473619]
	Ordinal0 [0x00F5AD71+961905]
	Ordinal0 [0x00EE42B3+475827]
	Ordinal0 [0x00E7F365+62309]
	Ordinal0 [0x00E7BC77+48247]
	Ordinal0 [0x00E99149+168265]
	Ordinal0 [0x00E98D1D+167197]
	Ordinal0 [0x00E9742B+160811]
	Ordinal0 [0x00E80AE6+68326]
	Ordinal0 [0x00E81BF0+72688]
	Ordinal0 [0x00E81B89+72585]
	Ordinal0 [0x00F74B37+1067831]
	GetHandleVerifier [0x01076845+506677]
	GetHandleVerifier [0x010765E0+506064]
	GetHandleVerifier [0x0107D188+533624]
	GetHandleVerifier [0x0107701A+508682]
	Ordinal0 [0x00F6C226+1032742]
	Ordinal0 [0x00F6C09F+1032351]
	Ordinal0 [0x00F76A4B+1075787]
	Ordinal0 [0x00F76BB3+1076147]
	Ordinal0 [0x00F75B65+1071973]
	BaseThreadInitThunk [0x75CF343D+18]
	RtlInitializeExceptionChain [0x77719812+99]
	RtlInitializeExceptionChain [0x777197E5+54]
">
      <![CDATA[org.openqa.selenium.SessionNotCreatedException: session not created: This version of ChromeDriver only supports Chrome version 76
Build info: version: '3.141.59', revision: 'e82be7d358', time: '2018-11-14T08:17:03'
System info: host: 'LCE16392', ip: '10.31.189.59', os.name: 'Windows 7', os.arch: 'amd64', os.version: '6.1', java.version: '1.8.0_231'
Driver info: driver.version: ChromeDriver
remote stacktrace: Backtrace:
	Ordinal0 [0x00FD7C53+1473619]
	Ordinal0 [0x00F5AD71+961905]
	Ordinal0 [0x00EE42B3+475827]
	Ordinal0 [0x00E7F365+62309]
	Ordinal0 [0x00E7BC77+48247]
	Ordinal0 [0x00E99149+168265]
	Ordinal0 [0x00E98D1D+167197]
	Ordinal0 [0x00E9742B+160811]
	Ordinal0 [0x00E80AE6+68326]
	Ordinal0 [0x00E81BF0+72688]
	Ordinal0 [0x00E81B89+72585]
	Ordinal0 [0x00F74B37+1067831]
	GetHandleVerifier [0x01076845+506677]
	GetHandleVerifier [0x010765E0+506064]
	GetHandleVerifier [0x0107D188+533624]
	GetHandleVerifier [0x0107701A+508682]
	Ordinal0 [0x00F6C226+1032742]
	Ordinal0 [0x00F6C09F+1032351]
	Ordinal0 [0x00F76A4B+1075787]
	Ordinal0 [0x00F76BB3+1076147]
	Ordinal0 [0x00F75B65+1071973]
	BaseThreadInitThunk [0x75CF343D+18]
	RtlInitializeExceptionChain [0x77719812+99]
	RtlInitializeExceptionChain [0x777197E5+54]

	at sun.reflect.NativeConstructorAccessorImpl.newInstance0(Native Method)
	at sun.reflect.NativeConstructorAccessorImpl.newInstance(Unknown Source)
	at sun.reflect.DelegatingConstructorAccessorImpl.newInstance(Unknown Source)
	at java.lang.reflect.Constructor.newInstance(Unknown Source)
	at org.openqa.selenium.remote.W3CHandshakeResponse.lambda$errorHandler$0(W3CHandshakeResponse.java:62)
	at org.openqa.selenium.remote.HandshakeResponse.lambda$getResponseFunction$0(HandshakeResponse.java:30)
	at org.openqa.selenium.remote.ProtocolHandshake.lambda$createSession$0(ProtocolHandshake.java:126)
	at java.util.stream.ReferencePipeline$3$1.accept(Unknown Source)
	at java.util.Spliterators$ArraySpliterator.tryAdvance(Unknown Source)
	at java.util.stream.ReferencePipeline.forEachWithCancel(Unknown Source)
	at java.util.stream.AbstractPipeline.copyIntoWithCancel(Unknown Source)
	at java.util.stream.AbstractPipeline.copyInto(Unknown Source)
	at java.util.stream.AbstractPipeline.wrapAndCopyInto(Unknown Source)
	at java.util.stream.FindOps$FindOp.evaluateSequential(Unknown Source)
	at java.util.stream.AbstractPipeline.evaluate(Unknown Source)
	at java.util.stream.ReferencePipeline.findFirst(Unknown Source)
	at org.openqa.selenium.remote.ProtocolHandshake.createSession(ProtocolHandshake.java:128)
	at org.openqa.selenium.remote.ProtocolHandshake.createSession(ProtocolHandshake.java:74)
	at org.openqa.selenium.remote.HttpCommandExecutor.execute(HttpCommandExecutor.java:136)
	at org.openqa.selenium.remote.service.DriverCommandExecutor.execute(DriverCommandExecutor.java:83)
	at org.openqa.selenium.remote.RemoteWebDriver.execute(RemoteWebDriver.java:552)
	at org.openqa.selenium.remote.RemoteWebDriver.startSession(RemoteWebDriver.java:213)
	at org.openqa.selenium.remote.RemoteWebDriver.<init>(RemoteWebDriver.java:131)
	at org.openqa.selenium.chrome.ChromeDriver.<init>(ChromeDriver.java:181)
	at org.openqa.selenium.chrome.ChromeDriver.<init>(ChromeDriver.java:168)
	at org.openqa.selenium.chrome.ChromeDriver.<init>(ChromeDriver.java:157)
	at resources.base.initializeDriver(base.java:102)
	at SalesForce.TC_MTBESM_6990_E2E_MVP_Testcase.initialize(TC_MTBESM_6990_E2E_MVP_Testcase.java:112)
	at sun.reflect.NativeMethodAccessorImpl.invoke0(Native Method)
	at sun.reflect.NativeMethodAccessorImpl.invoke(Unknown Source)
	at sun.reflect.DelegatingMethodAccessorImpl.invoke(Unknown Source)
	at java.lang.reflect.Method.invoke(Unknown Source)
	at org.testng.internal.MethodInvocationHelper.invokeMethod(MethodInvocationHelper.java:80)
	at org.testng.internal.Invoker.invokeConfigurationMethod(Invoker.java:564)
	at org.testng.internal.Invoker.invokeConfigurations(Invoker.java:213)
	at org.testng.internal.Invoker.invokeMethod(Invoker.java:653)
	at org.testng.internal.Invoker.invokeTestMethod(Invoker.java:901)
	at org.testng.internal.Invoker.invokeTestMethods(Invoker.java:1231)
	at org.testng.internal.TestMethodWorker.invokeTestMethods(TestMethodWorker.java:127)
	at org.testng.internal.TestMethodWorker.run(TestMethodWorker.java:111)
	at org.testng.TestRunner.privateRun(TestRunner.java:767)
	at org.testng.TestRunner.run(TestRunner.java:617)
	at org.testng.SuiteRunner.runTest(SuiteRunner.java:334)
	at org.testng.SuiteRunner.runSequentially(SuiteRunner.java:329)
	at org.testng.SuiteRunner.privateRun(SuiteRunner.java:291)
	at org.testng.SuiteRunner.run(SuiteRunner.java:240)
	at org.testng.SuiteRunnerWorker.runSuite(SuiteRunnerWorker.java:52)
	at org.testng.SuiteRunnerWorker.run(SuiteRunnerWorker.java:86)
	at org.testng.TestNG.runSuitesSequentially(TestNG.java:1198)
	at org.testng.TestNG.runSuitesLocally(TestNG.java:1123)
	at org.testng.TestNG.run(TestNG.java:1031)
	at org.testng.remote.AbstractRemoteTestNG.run(AbstractRemoteTestNG.java:114)
	at org.testng.remote.RemoteTestNG.initAndRun(RemoteTestNG.java:251)
	at org.testng.remote.RemoteTestNG.main(RemoteTestNG.java:77)
]]>
    </failure>
  </testcase> <!-- TC_MVP_E2E_OnlyTruck_Test_case -->
</testsuite> <!-- SalesForce.TC_MTBESM_6990_E2E_MVP_Testcase -->
